<?xml version="1.0" encoding="UTF-8"?>
<!-- Generated by org.testng.reporters.JUnitReportReporter -->
<testsuite skipped="3" hostname="LAPTOP-6O2M9K7D" name="org.ddemo.FlipKart" tests="6" failures="1" timestamp="13 May 2022 14:26:12 GMT" time="94.934" errors="0">
  <testcase name="tc4" time="11.777" classname="org.ddemo.FlipKart"/>
  <testcase name="tc3" time="20.052" classname="org.ddemo.FlipKart"/>
  <testcase name="tc4" time="9.224" classname="org.ddemo.FlipKart">
    <skipped/>
  </testcase> <!-- tc4 -->
  <testcase name="tc4" time="31.137" classname="org.ddemo.FlipKart">
    <failure type="java.lang.AssertionError" message="expected [interview] but found [violet]">
      <![CDATA[java.lang.AssertionError: expected [interview] but found [violet]
at org.testng.Assert.fail(Assert.java:96)
at org.testng.Assert.failNotEquals(Assert.java:776)
at org.testng.Assert.assertEqualsImpl(Assert.java:137)
at org.testng.Assert.assertEquals(Assert.java:118)
at org.testng.Assert.assertEquals(Assert.java:453)
at org.testng.Assert.assertEquals(Assert.java:463)
at org.ddemo.FlipKart.tc4(FlipKart.java:104)
at sun.reflect.NativeMethodAccessorImpl.invoke0(Native Method)
at sun.reflect.NativeMethodAccessorImpl.invoke(NativeMethodAccessorImpl.java:62)
at sun.reflect.DelegatingMethodAccessorImpl.invoke(DelegatingMethodAccessorImpl.java:43)
at java.lang.reflect.Method.invoke(Method.java:498)
at org.testng.internal.MethodInvocationHelper.invokeMethod(MethodInvocationHelper.java:124)
at org.testng.internal.Invoker.invokeMethod(Invoker.java:583)
at org.testng.internal.Invoker.retryFailed(Invoker.java:839)
at org.testng.internal.Invoker.invokeTestMethods(Invoker.java:1010)
at org.testng.internal.TestMethodWorker.invokeTestMethods(TestMethodWorker.java:125)
at org.testng.internal.TestMethodWorker.run(TestMethodWorker.java:109)
at org.testng.TestRunner.privateRun(TestRunner.java:648)
at org.testng.TestRunner.run(TestRunner.java:505)
at org.testng.SuiteRunner.runTest(SuiteRunner.java:455)
at org.testng.SuiteRunner.access$000(SuiteRunner.java:40)
at org.testng.SuiteRunner$SuiteWorker.run(SuiteRunner.java:489)
at org.testng.internal.thread.ThreadUtil$1.call(ThreadUtil.java:52)
at java.util.concurrent.FutureTask.run(FutureTask.java:266)
at java.util.concurrent.ThreadPoolExecutor.runWorker(ThreadPoolExecutor.java:1149)
at java.util.concurrent.ThreadPoolExecutor$Worker.run(ThreadPoolExecutor.java:624)
at java.lang.Thread.run(Thread.java:750)
]]>
    </failure>
  </testcase> <!-- tc4 -->
  <testcase name="tc4" time="13.157" classname="org.ddemo.FlipKart">
    <skipped/>
  </testcase> <!-- tc4 -->
  <testcase name="tc4" time="9.587" classname="org.ddemo.FlipKart">
    <skipped/>
  </testcase> <!-- tc4 -->
</testsuite> <!-- org.ddemo.FlipKart -->
