<?xml version="1.0" encoding="UTF-8"?>
<testng-results skipped="3" failed="1" ignored="2" total="8" passed="2">
  <reporter-output>
  </reporter-output>
  <suite name="Suite" duration-ms="95188" started-at="2022-05-13T14:24:37Z" finished-at="2022-05-13T14:26:12Z">
    <groups>
      <group name="smoke">
        <method signature="FlipKart.tc3()[pri:0, instance:org.ddemo.FlipKart@56235b8e]" name="tc3" class="org.ddemo.FlipKart"/>
        <method signature="FlipKart.tc4(java.lang.String, java.lang.String)[pri:0, instance:org.ddemo.FlipKart@56235b8e]" name="tc4" class="org.ddemo.FlipKart"/>
      </group> <!-- smoke -->
    </groups>
    <test name="Test" duration-ms="95188" started-at="2022-05-13T14:24:37Z" finished-at="2022-05-13T14:26:12Z">
      <class name="org.ddemo.FlipKart">
        <test-method status="PASS" signature="tc3()[pri:0, instance:org.ddemo.FlipKart@56235b8e]" name="tc3" duration-ms="20052" started-at="2022-05-13T14:24:37Z" finished-at="2022-05-13T14:24:57Z">
          <reporter-output>
          </reporter-output>
        </test-method> <!-- tc3 -->
        <test-method status="PASS" signature="tc4(java.lang.String, java.lang.String)[pri:0, instance:org.ddemo.FlipKart@56235b8e]" name="tc4" duration-ms="11777" started-at="2022-05-13T14:24:57Z" data-provider="logindata" finished-at="2022-05-13T14:25:09Z">
          <params>
            <param index="0">
              <value>
                <![CDATA[interview]]>
              </value>
            </param>
            <param index="1">
              <value>
                <![CDATA[today]]>
              </value>
            </param>
          </params>
          <reporter-output>
          </reporter-output>
        </test-method> <!-- tc4 -->
        <test-method status="SKIP" signature="tc4(java.lang.String, java.lang.String)[pri:0, instance:org.ddemo.FlipKart@56235b8e]" name="tc4" duration-ms="9224" started-at="2022-05-13T14:25:09Z" data-provider="logindata" finished-at="2022-05-13T14:25:18Z">
          <params>
            <param index="0">
              <value>
                <![CDATA[violet]]>
              </value>
            </param>
            <param index="1">
              <value>
                <![CDATA[orange]]>
              </value>
            </param>
          </params>
          <exception class="java.lang.AssertionError">
            <message>
              <![CDATA[expected [interview] but found [violet]]]>
            </message>
            <full-stacktrace>
              <![CDATA[java.lang.AssertionError: expected [interview] but found [violet]
at org.testng.Assert.fail(Assert.java:96)
at org.testng.Assert.failNotEquals(Assert.java:776)
at org.testng.Assert.assertEqualsImpl(Assert.java:137)
at org.testng.Assert.assertEquals(Assert.java:118)
at org.testng.Assert.assertEquals(Assert.java:453)
at org.testng.Assert.assertEquals(Assert.java:463)
at org.ddemo.FlipKart.tc4(FlipKart.java:104)
at sun.reflect.NativeMethodAccessorImpl.invoke0(Native Method)
at sun.reflect.NativeMethodAccessorImpl.invoke(NativeMethodAccessorImpl.java:62)
at sun.reflect.DelegatingMethodAccessorImpl.invoke(DelegatingMethodAccessorImpl.java:43)
at java.lang.reflect.Method.invoke(Method.java:498)
at org.testng.internal.MethodInvocationHelper.invokeMethod(MethodInvocationHelper.java:124)
at org.testng.internal.Invoker.invokeMethod(Invoker.java:583)
at org.testng.internal.Invoker.invokeTestMethod(Invoker.java:719)
at org.testng.internal.Invoker.invokeTestMethods(Invoker.java:989)
at org.testng.internal.TestMethodWorker.invokeTestMethods(TestMethodWorker.java:125)
at org.testng.internal.TestMethodWorker.run(TestMethodWorker.java:109)
at org.testng.TestRunner.privateRun(TestRunner.java:648)
at org.testng.TestRunner.run(TestRunner.java:505)
at org.testng.SuiteRunner.runTest(SuiteRunner.java:455)
at org.testng.SuiteRunner.access$000(SuiteRunner.java:40)
at org.testng.SuiteRunner$SuiteWorker.run(SuiteRunner.java:489)
at org.testng.internal.thread.ThreadUtil$1.call(ThreadUtil.java:52)
at java.util.concurrent.FutureTask.run(FutureTask.java:266)
at java.util.concurrent.ThreadPoolExecutor.runWorker(ThreadPoolExecutor.java:1149)
at java.util.concurrent.ThreadPoolExecutor$Worker.run(ThreadPoolExecutor.java:624)
at java.lang.Thread.run(Thread.java:750)
]]>
            </full-stacktrace>
          </exception> <!-- java.lang.AssertionError -->
          <reporter-output>
          </reporter-output>
        </test-method> <!-- tc4 -->
        <test-method status="SKIP" signature="tc4(java.lang.String, java.lang.String)[pri:0, instance:org.ddemo.FlipKart@56235b8e]" name="tc4" duration-ms="9587" started-at="2022-05-13T14:25:18Z" data-provider="logindata" finished-at="2022-05-13T14:25:27Z">
          <params>
            <param index="0">
              <value>
                <![CDATA[violet]]>
              </value>
            </param>
            <param index="1">
              <value>
                <![CDATA[orange]]>
              </value>
            </param>
          </params>
          <exception class="java.lang.AssertionError">
            <message>
              <![CDATA[expected [interview] but found [violet]]]>
            </message>
            <full-stacktrace>
              <![CDATA[java.lang.AssertionError: expected [interview] but found [violet]
at org.testng.Assert.fail(Assert.java:96)
at org.testng.Assert.failNotEquals(Assert.java:776)
at org.testng.Assert.assertEqualsImpl(Assert.java:137)
at org.testng.Assert.assertEquals(Assert.java:118)
at org.testng.Assert.assertEquals(Assert.java:453)
at org.testng.Assert.assertEquals(Assert.java:463)
at org.ddemo.FlipKart.tc4(FlipKart.java:104)
at sun.reflect.NativeMethodAccessorImpl.invoke0(Native Method)
at sun.reflect.NativeMethodAccessorImpl.invoke(NativeMethodAccessorImpl.java:62)
at sun.reflect.DelegatingMethodAccessorImpl.invoke(DelegatingMethodAccessorImpl.java:43)
at java.lang.reflect.Method.invoke(Method.java:498)
at org.testng.internal.MethodInvocationHelper.invokeMethod(MethodInvocationHelper.java:124)
at org.testng.internal.Invoker.invokeMethod(Invoker.java:583)
at org.testng.internal.Invoker.retryFailed(Invoker.java:839)
at org.testng.internal.Invoker.invokeTestMethods(Invoker.java:1010)
at org.testng.internal.TestMethodWorker.invokeTestMethods(TestMethodWorker.java:125)
at org.testng.internal.TestMethodWorker.run(TestMethodWorker.java:109)
at org.testng.TestRunner.privateRun(TestRunner.java:648)
at org.testng.TestRunner.run(TestRunner.java:505)
at org.testng.SuiteRunner.runTest(SuiteRunner.java:455)
at org.testng.SuiteRunner.access$000(SuiteRunner.java:40)
at org.testng.SuiteRunner$SuiteWorker.run(SuiteRunner.java:489)
at org.testng.internal.thread.ThreadUtil$1.call(ThreadUtil.java:52)
at java.util.concurrent.FutureTask.run(FutureTask.java:266)
at java.util.concurrent.ThreadPoolExecutor.runWorker(ThreadPoolExecutor.java:1149)
at java.util.concurrent.ThreadPoolExecutor$Worker.run(ThreadPoolExecutor.java:624)
at java.lang.Thread.run(Thread.java:750)
]]>
            </full-stacktrace>
          </exception> <!-- java.lang.AssertionError -->
          <reporter-output>
          </reporter-output>
        </test-method> <!-- tc4 -->
        <test-method status="SKIP" signature="tc4(java.lang.String, java.lang.String)[pri:0, instance:org.ddemo.FlipKart@56235b8e]" name="tc4" duration-ms="13157" started-at="2022-05-13T14:25:28Z" data-provider="logindata" finished-at="2022-05-13T14:25:41Z">
          <params>
            <param index="0">
              <value>
                <![CDATA[violet]]>
              </value>
            </param>
            <param index="1">
              <value>
                <![CDATA[orange]]>
              </value>
            </param>
          </params>
          <exception class="java.lang.AssertionError">
            <message>
              <![CDATA[expected [interview] but found [violet]]]>
            </message>
            <full-stacktrace>
              <![CDATA[java.lang.AssertionError: expected [interview] but found [violet]
at org.testng.Assert.fail(Assert.java:96)
at org.testng.Assert.failNotEquals(Assert.java:776)
at org.testng.Assert.assertEqualsImpl(Assert.java:137)
at org.testng.Assert.assertEquals(Assert.java:118)
at org.testng.Assert.assertEquals(Assert.java:453)
at org.testng.Assert.assertEquals(Assert.java:463)
at org.ddemo.FlipKart.tc4(FlipKart.java:104)
at sun.reflect.NativeMethodAccessorImpl.invoke0(Native Method)
at sun.reflect.NativeMethodAccessorImpl.invoke(NativeMethodAccessorImpl.java:62)
at sun.reflect.DelegatingMethodAccessorImpl.invoke(DelegatingMethodAccessorImpl.java:43)
at java.lang.reflect.Method.invoke(Method.java:498)
at org.testng.internal.MethodInvocationHelper.invokeMethod(MethodInvocationHelper.java:124)
at org.testng.internal.Invoker.invokeMethod(Invoker.java:583)
at org.testng.internal.Invoker.retryFailed(Invoker.java:839)
at org.testng.internal.Invoker.invokeTestMethods(Invoker.java:1010)
at org.testng.internal.TestMethodWorker.invokeTestMethods(TestMethodWorker.java:125)
at org.testng.internal.TestMethodWorker.run(TestMethodWorker.java:109)
at org.testng.TestRunner.privateRun(TestRunner.java:648)
at org.testng.TestRunner.run(TestRunner.java:505)
at org.testng.SuiteRunner.runTest(SuiteRunner.java:455)
at org.testng.SuiteRunner.access$000(SuiteRunner.java:40)
at org.testng.SuiteRunner$SuiteWorker.run(SuiteRunner.java:489)
at org.testng.internal.thread.ThreadUtil$1.call(ThreadUtil.java:52)
at java.util.concurrent.FutureTask.run(FutureTask.java:266)
at java.util.concurrent.ThreadPoolExecutor.runWorker(ThreadPoolExecutor.java:1149)
at java.util.concurrent.ThreadPoolExecutor$Worker.run(ThreadPoolExecutor.java:624)
at java.lang.Thread.run(Thread.java:750)
]]>
            </full-stacktrace>
          </exception> <!-- java.lang.AssertionError -->
          <reporter-output>
          </reporter-output>
        </test-method> <!-- tc4 -->
        <test-method status="FAIL" signature="tc4(java.lang.String, java.lang.String)[pri:0, instance:org.ddemo.FlipKart@56235b8e]" name="tc4" duration-ms="31137" started-at="2022-05-13T14:25:41Z" data-provider="logindata" finished-at="2022-05-13T14:26:12Z">
          <params>
            <param index="0">
              <value>
                <![CDATA[violet]]>
              </value>
            </param>
            <param index="1">
              <value>
                <![CDATA[orange]]>
              </value>
            </param>
          </params>
          <exception class="java.lang.AssertionError">
            <message>
              <![CDATA[expected [interview] but found [violet]]]>
            </message>
            <full-stacktrace>
              <![CDATA[java.lang.AssertionError: expected [interview] but found [violet]
at org.testng.Assert.fail(Assert.java:96)
at org.testng.Assert.failNotEquals(Assert.java:776)
at org.testng.Assert.assertEqualsImpl(Assert.java:137)
at org.testng.Assert.assertEquals(Assert.java:118)
at org.testng.Assert.assertEquals(Assert.java:453)
at org.testng.Assert.assertEquals(Assert.java:463)
at org.ddemo.FlipKart.tc4(FlipKart.java:104)
at sun.reflect.NativeMethodAccessorImpl.invoke0(Native Method)
at sun.reflect.NativeMethodAccessorImpl.invoke(NativeMethodAccessorImpl.java:62)
at sun.reflect.DelegatingMethodAccessorImpl.invoke(DelegatingMethodAccessorImpl.java:43)
at java.lang.reflect.Method.invoke(Method.java:498)
at org.testng.internal.MethodInvocationHelper.invokeMethod(MethodInvocationHelper.java:124)
at org.testng.internal.Invoker.invokeMethod(Invoker.java:583)
at org.testng.internal.Invoker.retryFailed(Invoker.java:839)
at org.testng.internal.Invoker.invokeTestMethods(Invoker.java:1010)
at org.testng.internal.TestMethodWorker.invokeTestMethods(TestMethodWorker.java:125)
at org.testng.internal.TestMethodWorker.run(TestMethodWorker.java:109)
at org.testng.TestRunner.privateRun(TestRunner.java:648)
at org.testng.TestRunner.run(TestRunner.java:505)
at org.testng.SuiteRunner.runTest(SuiteRunner.java:455)
at org.testng.SuiteRunner.access$000(SuiteRunner.java:40)
at org.testng.SuiteRunner$SuiteWorker.run(SuiteRunner.java:489)
at org.testng.internal.thread.ThreadUtil$1.call(ThreadUtil.java:52)
at java.util.concurrent.FutureTask.run(FutureTask.java:266)
at java.util.concurrent.ThreadPoolExecutor.runWorker(ThreadPoolExecutor.java:1149)
at java.util.concurrent.ThreadPoolExecutor$Worker.run(ThreadPoolExecutor.java:624)
at java.lang.Thread.run(Thread.java:750)
]]>
            </full-stacktrace>
          </exception> <!-- java.lang.AssertionError -->
          <reporter-output>
          </reporter-output>
        </test-method> <!-- tc4 -->
      </class> <!-- org.ddemo.FlipKart -->
    </test> <!-- Test -->
  </suite> <!-- Suite -->
</testng-results>
